Traceback (most recent call last):
  File "/Users/andrefmb/opt/anaconda3/envs/python38/lib/python3.8/site-packages/jupyter_cache/executors/utils.py", line 58, in single_nb_execution
    executenb(
  File "/Users/andrefmb/opt/anaconda3/envs/python38/lib/python3.8/site-packages/nbclient/client.py", line 1204, in execute
    return NotebookClient(nb=nb, resources=resources, km=km, **kwargs).execute()
  File "/Users/andrefmb/opt/anaconda3/envs/python38/lib/python3.8/site-packages/nbclient/util.py", line 84, in wrapped
    return just_run(coro(*args, **kwargs))
  File "/Users/andrefmb/opt/anaconda3/envs/python38/lib/python3.8/site-packages/nbclient/util.py", line 62, in just_run
    return loop.run_until_complete(coro)
  File "/Users/andrefmb/opt/anaconda3/envs/python38/lib/python3.8/asyncio/base_events.py", line 616, in run_until_complete
    return future.result()
  File "/Users/andrefmb/opt/anaconda3/envs/python38/lib/python3.8/site-packages/nbclient/client.py", line 663, in async_execute
    await self.async_execute_cell(
  File "/Users/andrefmb/opt/anaconda3/envs/python38/lib/python3.8/site-packages/nbclient/client.py", line 965, in async_execute_cell
    await self._check_raise_for_error(cell, cell_index, exec_reply)
  File "/Users/andrefmb/opt/anaconda3/envs/python38/lib/python3.8/site-packages/nbclient/client.py", line 862, in _check_raise_for_error
    raise CellExecutionError.from_cell_and_msg(cell, exec_reply_content)
nbclient.exceptions.CellExecutionError: An error occurred while executing the following cell:
------------------
prob = calcula_probabilidade(ter_dois_meninos, set(todas_combinacoes)) ## execute antes o todas_combinacoes = product...
------------------

[0;31m---------------------------------------------------------------------------[0m
[0;31mZeroDivisionError[0m                         Traceback (most recent call last)
Input [0;32mIn [25][0m, in [0;36m<cell line: 1>[0;34m()[0m
[0;32m----> 1[0m prob [38;5;241m=[39m [43mcalcula_probabilidade[49m[43m([49m[43mter_dois_meninos[49m[43m,[49m[43m [49m[38;5;28;43mset[39;49m[43m([49m[43mtodas_combinacoes[49m[43m)[49m[43m)[49m

Input [0;32mIn [14][0m, in [0;36mcalcula_probabilidade[0;34m(condicao_interesse, espaco_amostral)[0m
[1;32m      2[0m evento [38;5;241m=[39m obtem_evento_interesse(condicao_interesse, espaco_amostral)
[1;32m      3[0m [38;5;28;01mif[39;00m [38;5;28mtype[39m(espaco_amostral) [38;5;241m==[39m [38;5;28mtype[39m([38;5;28mset[39m()):
[0;32m----> 4[0m   [38;5;28;01mreturn[39;00m [38;5;28;43mlen[39;49m[43m([49m[43mevento[49m[43m)[49m[43m [49m[38;5;241;43m/[39;49m[43m [49m[38;5;28;43mlen[39;49m[43m([49m[43mespaco_amostral[49m[43m)[49m
[1;32m      5[0m qtd_eventos [38;5;241m=[39m [38;5;28msum[39m(espaco_amostral[desfecho] [38;5;28;01mfor[39;00m desfecho [38;5;129;01min[39;00m evento)
[1;32m      6[0m [38;5;28;01mreturn[39;00m qtd_eventos[38;5;241m/[39m [38;5;28msum[39m(espaco_amostral[38;5;241m.[39mvalues())

[0;31mZeroDivisionError[0m: division by zero
ZeroDivisionError: division by zero

